<?xml version="1.0" encoding="UTF-8"?>
<!-- Generated by org.testng.reporters.JUnitReportReporter -->
<testsuite skipped="0" hostname="arpita-HP-Notebook" name="com.test.login.logintest" tests="1" failures="0" timestamp="24 Mar 2020 07:21:38 GMT" time="79.216" errors="0">
  <testcase name="test_Home_Page_Appear_Correct" time="79.216" classname="com.test.login.logintest"/>
</testsuite> <!-- com.test.login.logintest -->
